Loaded dataframe from path :  /root/Documents/bachelor/train.parquet
time needed for reduction: 23.53766131401062 sec
PCA / information lost:  0.35583604048093787
|   iter    |  target   | colsam... | learni... | max_depth | n_esti... |
-------------------------------------------------------------------------
| [0m1        [0m | [0m-0.03701 [0m | [0m0.651    [0m | [0m0.04212  [0m | [0m4.925    [0m | [0m1.55e+04 [0m |
| [95m2        [0m | [95m0.0002882[0m | [95m0.3658   [0m | [95m0.03834  [0m | [95m1.202    [0m | [95m8.694e+03[0m |
| [0m3        [0m | [0m-0.01644 [0m | [0m0.3148   [0m | [0m0.07415  [0m | [0m9.916    [0m | [0m5.136e+03[0m |
| [0m4        [0m | [0m-0.04303 [0m | [0m0.1731   [0m | [0m0.1372   [0m | [0m6.591    [0m | [0m5.848e+03[0m |
| [0m5        [0m | [0m-0.002982[0m | [0m0.5196   [0m | [0m0.03249  [0m | [0m1.666    [0m | [0m1.807e+04[0m |
| [0m6        [0m | [0m-0.1141  [0m | [0m0.8146   [0m | [0m0.1697   [0m | [0m8.337    [0m | [0m1.982e+04[0m |
| [0m7        [0m | [0m-0.01741 [0m | [0m0.6195   [0m | [0m0.1646   [0m | [0m4.792    [0m | [0m1.035e+03[0m |
| [0m8        [0m | [0m-0.01307 [0m | [0m0.5087   [0m | [0m0.03001  [0m | [0m8.355    [0m | [0m1.411e+04[0m |
| [0m9        [0m | [0m-0.008711[0m | [0m0.6088   [0m | [0m0.0621   [0m | [0m9.986    [0m | [0m3.192e+03[0m |
| [0m10       [0m | [0m-0.08256 [0m | [0m0.6539   [0m | [0m0.1022   [0m | [0m4.645    [0m | [0m1.469e+04[0m |
| [0m11       [0m | [0m-0.05347 [0m | [0m0.3905   [0m | [0m0.0861   [0m | [0m3.871    [0m | [0m1.897e+04[0m |
| [0m12       [0m | [0m-0.001034[0m | [0m0.9268   [0m | [0m0.1646   [0m | [0m1.307    [0m | [0m1.89e+04 [0m |
| [0m13       [0m | [0m-0.1453  [0m | [0m0.9554   [0m | [0m0.1633   [0m | [0m5.332    [0m | [0m1.935e+04[0m |
| [95m14       [0m | [95m0.0006217[0m | [95m0.4753   [0m | [95m0.07058  [0m | [95m1.148    [0m | [95m1.245e+03[0m |
| [0m15       [0m | [0m0.0004937[0m | [0m0.1478   [0m | [0m0.03431  [0m | [0m1.3      [0m | [0m4.915e+03[0m |
| [0m16       [0m | [0m-0.001585[0m | [0m0.5895   [0m | [0m0.04394  [0m | [0m2.614    [0m | [0m3.417e+03[0m |
| [0m17       [0m | [0m-0.05618 [0m | [0m0.7147   [0m | [0m0.09911  [0m | [0m7.914    [0m | [0m1.354e+04[0m |
| [0m18       [0m | [0m-0.1089  [0m | [0m0.4971   [0m | [0m0.1231   [0m | [0m5.155    [0m | [0m1.928e+04[0m |
| [0m19       [0m | [0m-0.1174  [0m | [0m0.233    [0m | [0m0.1823   [0m | [0m5.481    [0m | [0m1.205e+04[0m |
| [0m20       [0m | [0m-0.01665 [0m | [0m0.7162   [0m | [0m0.04372  [0m | [0m8.782    [0m | [0m9.901e+03[0m |
| [0m21       [0m | [0m-0.1037  [0m | [0m0.6166   [0m | [0m0.1506   [0m | [0m7.217    [0m | [0m1.877e+04[0m |
| [0m22       [0m | [0m-0.04111 [0m | [0m0.6483   [0m | [0m0.1207   [0m | [0m2.695    [0m | [0m1.807e+04[0m |
| [0m23       [0m | [0m-0.000219[0m | [0m0.1637   [0m | [0m0.05738  [0m | [0m1.198    [0m | [0m1.806e+04[0m |
| [0m24       [0m | [0m0.0002778[0m | [0m0.5549   [0m | [0m0.06987  [0m | [0m2.44     [0m | [0m1.239e+03[0m |
| [0m25       [0m | [0m-0.01613 [0m | [0m0.1527   [0m | [0m0.1702   [0m | [0m7.602    [0m | [0m1.245e+03[0m |
| [0m26       [0m | [0m-0.001348[0m | [0m0.8037   [0m | [0m0.01188  [0m | [0m5.675    [0m | [0m4.92e+03 [0m |
| [0m27       [0m | [0m-0.04675 [0m | [0m0.1661   [0m | [0m0.1234   [0m | [0m7.781    [0m | [0m8.696e+03[0m |
| [0m28       [0m | [0m-0.004768[0m | [0m0.4925   [0m | [0m0.03414  [0m | [0m8.781    [0m | [0m4.914e+03[0m |
| [0m29       [0m | [0m-0.07524 [0m | [0m0.8288   [0m | [0m0.1041   [0m | [0m6.683    [0m | [0m1.89e+04 [0m |
| [0m30       [0m | [0m0.0005895[0m | [0m0.5117   [0m | [0m0.03226  [0m | [0m1.487    [0m | [0m3.424e+03[0m |
| [0m31       [0m | [0m-0.004595[0m | [0m0.5398   [0m | [0m0.04083  [0m | [0m9.427    [0m | [0m3.423e+03[0m |
| [0m32       [0m | [0m-0.06085 [0m | [0m0.6583   [0m | [0m0.1957   [0m | [0m9.017    [0m | [0m3.415e+03[0m |
| [0m33       [0m | [0m-0.005219[0m | [0m0.6256   [0m | [0m0.04864  [0m | [0m3.768    [0m | [0m3.431e+03[0m |
| [0m34       [0m | [0m-0.006691[0m | [0m0.2479   [0m | [0m0.05352  [0m | [0m4.419    [0m | [0m4.909e+03[0m |
| [0m35       [0m | [0m-0.002742[0m | [0m0.5961   [0m | [0m0.02839  [0m | [0m7.483    [0m | [0m3.428e+03[0m |
| [0m36       [0m | [0m-0.03437 [0m | [0m0.2474   [0m | [0m0.1101   [0m | [0m2.585    [0m | [0m1.889e+04[0m |
| [0m37       [0m | [0m-0.01391 [0m | [0m0.6123   [0m | [0m0.08456  [0m | [0m2.554    [0m | [0m8.686e+03[0m |
| [0m38       [0m | [0m-0.003229[0m | [0m0.2301   [0m | [0m0.1765   [0m | [0m1.729    [0m | [0m3.195e+03[0m |
| [0m39       [0m | [0m-0.007034[0m | [0m0.7598   [0m | [0m0.114    [0m | [0m2.837    [0m | [0m3.187e+03[0m |
| [0m40       [0m | [0m-0.05585 [0m | [0m0.5341   [0m | [0m0.1844   [0m | [0m5.169    [0m | [0m3.202e+03[0m |
| [0m41       [0m | [0m-0.0425  [0m | [0m0.565    [0m | [0m0.1642   [0m | [0m9.925    [0m | [0m3.182e+03[0m |
| [0m42       [0m | [0m-0.0137  [0m | [0m0.3379   [0m | [0m0.1405   [0m | [0m2.544    [0m | [0m4.927e+03[0m |
| [0m43       [0m | [0m-0.003866[0m | [0m0.1411   [0m | [0m0.08534  [0m | [0m6.851    [0m | [0m1.232e+03[0m |
| [0m44       [0m | [0m0.0005944[0m | [0m0.3057   [0m | [0m0.01295  [0m | [0m4.987    [0m | [0m1.225e+03[0m |
| [0m45       [0m | [0m-0.01748 [0m | [0m0.516    [0m | [0m0.1557   [0m | [0m8.459    [0m | [0m1.219e+03[0m |
| [0m46       [0m | [0m0.0001313[0m | [0m0.432    [0m | [0m0.08154  [0m | [0m1.889    [0m | [0m1.23e+03 [0m |
| [0m47       [0m | [0m-0.000943[0m | [0m0.8639   [0m | [0m0.1941   [0m | [0m1.141    [0m | [0m1.41e+04 [0m |
| [0m48       [0m | [0m-0.05399 [0m | [0m0.8549   [0m | [0m0.1802   [0m | [0m3.457    [0m | [0m1.489e+04[0m |
| [0m49       [0m | [0m-0.1068  [0m | [0m0.4125   [0m | [0m0.1345   [0m | [0m5.43     [0m | [0m1.665e+04[0m |
| [0m50       [0m | [0m-0.1204  [0m | [0m0.5421   [0m | [0m0.178    [0m | [0m5.94     [0m | [0m1.409e+04[0m |
| [0m51       [0m | [0m-0.01559 [0m | [0m0.1403   [0m | [0m0.1855   [0m | [0m2.455    [0m | [0m1.411e+04[0m |
| [0m52       [0m | [0m0.0005321[0m | [0m0.9984   [0m | [0m0.01216  [0m | [0m1.115    [0m | [0m1.254e+03[0m |
| [0m53       [0m | [0m-0.007127[0m | [0m0.2095   [0m | [0m0.1052   [0m | [0m5.867    [0m | [0m1.26e+03 [0m |
| [0m54       [0m | [0m0.000419 [0m | [0m0.3363   [0m | [0m0.1611   [0m | [0m1.202    [0m | [0m1.269e+03[0m |
| [0m55       [0m | [0m-0.002245[0m | [0m0.1445   [0m | [0m0.06072  [0m | [0m4.941    [0m | [0m1.275e+03[0m |
| [0m56       [0m | [0m-0.01236 [0m | [0m0.8921   [0m | [0m0.1193   [0m | [0m8.239    [0m | [0m1.269e+03[0m |
| [0m57       [0m | [0m0.0004053[0m | [0m0.5551   [0m | [0m0.1681   [0m | [0m1.01     [0m | [0m1.282e+03[0m |
| [0m58       [0m | [0m-0.004678[0m | [0m0.9074   [0m | [0m0.07109  [0m | [0m9.358    [0m | [0m1.286e+03[0m |
| [0m59       [0m | [0m-0.05057 [0m | [0m0.3566   [0m | [0m0.1134   [0m | [0m8.673    [0m | [0m9.901e+03[0m |
| [0m60       [0m | [0m0.0001951[0m | [0m0.8694   [0m | [0m0.06243  [0m | [0m1.115    [0m | [0m6.734e+03[0m |
| [0m61       [0m | [0m-0.05584 [0m | [0m0.1199   [0m | [0m0.1167   [0m | [0m6.013    [0m | [0m1.161e+04[0m |
| [0m62       [0m | [0m-0.05448 [0m | [0m0.6058   [0m | [0m0.1908   [0m | [0m2.662    [0m | [0m1.425e+04[0m |
| [0m63       [0m | [0m-0.02703 [0m | [0m0.9004   [0m | [0m0.08688  [0m | [0m7.761    [0m | [0m5.204e+03[0m |
| [0m64       [0m | [0m0.0003562[0m | [0m0.1197   [0m | [0m0.1003   [0m | [0m1.178    [0m | [0m2.641e+03[0m |
| [0m65       [0m | [0m-0.01123 [0m | [0m0.1953   [0m | [0m0.161    [0m | [0m2.27     [0m | [0m1.139e+04[0m |
| [0m66       [0m | [0m-0.04306 [0m | [0m0.268    [0m | [0m0.1025   [0m | [0m6.233    [0m | [0m8.372e+03[0m |
| [0m67       [0m | [0m-0.01494 [0m | [0m0.6692   [0m | [0m0.03706  [0m | [0m3.514    [0m | [0m1.121e+04[0m |
| [0m68       [0m | [0m-0.003591[0m | [0m0.9573   [0m | [0m0.08789  [0m | [0m2.417    [0m | [0m7.141e+03[0m |
| [0m69       [0m | [0m-0.000935[0m | [0m0.31     [0m | [0m0.03691  [0m | [0m3.187    [0m | [0m3.738e+03[0m |
| [0m70       [0m | [0m0.0001955[0m | [0m0.6191   [0m | [0m0.01133  [0m | [0m7.116    [0m | [0m2.909e+03[0m |
| [0m71       [0m | [0m-0.008418[0m | [0m0.2028   [0m | [0m0.04134  [0m | [0m9.01     [0m | [0m7.752e+03[0m |
| [0m72       [0m | [0m-0.03685 [0m | [0m0.2348   [0m | [0m0.09462  [0m | [0m9.891    [0m | [0m9.513e+03[0m |
| [0m73       [0m | [0m-0.003221[0m | [0m0.7673   [0m | [0m0.06215  [0m | [0m7.922    [0m | [0m1.217e+03[0m |
| [0m74       [0m | [0m-0.05223 [0m | [0m0.4348   [0m | [0m0.1381   [0m | [0m9.112    [0m | [0m6.208e+03[0m |
| [0m75       [0m | [0m-0.02874 [0m | [0m0.5746   [0m | [0m0.1429   [0m | [0m4.361    [0m | [0m4.167e+03[0m |
| [0m76       [0m | [0m-0.009959[0m | [0m0.9035   [0m | [0m0.01792  [0m | [0m6.504    [0m | [0m1.331e+04[0m |
| [0m77       [0m | [0m-0.02717 [0m | [0m0.2467   [0m | [0m0.07156  [0m | [0m6.184    [0m | [0m8.88e+03 [0m |
| [0m78       [0m | [0m-0.0395  [0m | [0m0.3389   [0m | [0m0.08672  [0m | [0m4.1      [0m | [0m1.342e+04[0m |
| [0m79       [0m | [0m-0.08725 [0m | [0m0.2559   [0m | [0m0.1886   [0m | [0m7.537    [0m | [0m8.272e+03[0m |
| [0m80       [0m | [0m-0.000431[0m | [0m0.4762   [0m | [0m0.01025  [0m | [0m7.937    [0m | [0m6.463e+03[0m |
| [0m81       [0m | [0m-0.002893[0m | [0m0.3574   [0m | [0m0.02304  [0m | [0m3.812    [0m | [0m6.349e+03[0m |
| [0m82       [0m | [0m-0.01044 [0m | [0m0.5015   [0m | [0m0.1563   [0m | [0m1.883    [0m | [0m1.044e+04[0m |
| [0m83       [0m | [0m-0.009585[0m | [0m0.8447   [0m | [0m0.1535   [0m | [0m2.929    [0m | [0m2.815e+03[0m |
| [0m84       [0m | [0m-0.009286[0m | [0m0.8789   [0m | [0m0.01388  [0m | [0m8.424    [0m | [0m1.89e+04 [0m |
| [0m85       [0m | [0m-0.009548[0m | [0m0.9053   [0m | [0m0.01372  [0m | [0m7.243    [0m | [0m1.731e+04[0m |
| [0m86       [0m | [0m-0.006448[0m | [0m0.4688   [0m | [0m0.08878  [0m | [0m1.88     [0m | [0m1.201e+04[0m |
| [0m87       [0m | [0m-0.002504[0m | [0m0.7072   [0m | [0m0.04667  [0m | [0m8.902    [0m | [0m1.585e+03[0m |
| [0m88       [0m | [0m-0.03814 [0m | [0m0.699    [0m | [0m0.05532  [0m | [0m6.423    [0m | [0m1.418e+04[0m |
| [0m89       [0m | [0m-0.04794 [0m | [0m0.8121   [0m | [0m0.07624  [0m | [0m9.848    [0m | [0m1.818e+04[0m |
| [0m90       [0m | [0m-0.01181 [0m | [0m0.7436   [0m | [0m0.1022   [0m | [0m1.548    [0m | [0m1.911e+04[0m |
| [0m91       [0m | [0m-0.05477 [0m | [0m0.6749   [0m | [0m0.1736   [0m | [0m5.402    [0m | [0m3.402e+03[0m |
| [0m92       [0m | [0m-0.04807 [0m | [0m0.4685   [0m | [0m0.08298  [0m | [0m9.53     [0m | [0m1.736e+04[0m |
| [0m93       [0m | [0m-0.1488  [0m | [0m0.6026   [0m | [0m0.1743   [0m | [0m5.158    [0m | [0m1.96e+04 [0m |
| [0m94       [0m | [0m-0.002514[0m | [0m0.7578   [0m | [0m0.0325   [0m | [0m1.866    [0m | [0m1.543e+04[0m |
| [0m95       [0m | [0m-0.01621 [0m | [0m0.7191   [0m | [0m0.01719  [0m | [0m4.523    [0m | [0m1.66e+04 [0m |
| [0m96       [0m | [0m-0.01994 [0m | [0m0.9918   [0m | [0m0.12     [0m | [0m2.567    [0m | [0m7.891e+03[0m |
| [0m97       [0m | [0m-0.0446  [0m | [0m0.4954   [0m | [0m0.06494  [0m | [0m6.286    [0m | [0m1.573e+04[0m |
| [0m98       [0m | [0m-0.01247 [0m | [0m0.627    [0m | [0m0.048    [0m | [0m7.313    [0m | [0m6.051e+03[0m |
| [0m99       [0m | [0m-0.08343 [0m | [0m0.2556   [0m | [0m0.197    [0m | [0m6.454    [0m | [0m6.298e+03[0m |
| [0m100      [0m | [0m-0.08703 [0m | [0m0.9831   [0m | [0m0.1923   [0m | [0m9.196    [0m | [0m6.036e+03[0m |
| [0m101      [0m | [0m-0.04332 [0m | [0m0.7663   [0m | [0m0.08027  [0m | [0m8.156    [0m | [0m1.232e+04[0m |
| [0m102      [0m | [0m-0.06559 [0m | [0m0.1464   [0m | [0m0.1363   [0m | [0m9.623    [0m | [0m1.314e+04[0m |
| [0m103      [0m | [0m-0.08087 [0m | [0m0.9778   [0m | [0m0.1199   [0m | [0m3.754    [0m | [0m1.825e+04[0m |
| [0m104      [0m | [0m-0.001685[0m | [0m0.8017   [0m | [0m0.0366   [0m | [0m9.999    [0m | [0m1.603e+03[0m |
| [0m105      [0m | [0m-0.151   [0m | [0m0.7031   [0m | [0m0.1776   [0m | [0m5.438    [0m | [0m1.938e+04[0m |
| [0m106      [0m | [0m-0.05979 [0m | [0m0.7343   [0m | [0m0.1591   [0m | [0m6.464    [0m | [0m4.372e+03[0m |
| [0m107      [0m | [0m-0.0819  [0m | [0m0.1737   [0m | [0m0.1533   [0m | [0m7.067    [0m | [0m1.256e+04[0m |
| [0m108      [0m | [0m-0.0192  [0m | [0m0.967    [0m | [0m0.05343  [0m | [0m7.835    [0m | [0m7.24e+03 [0m |
| [0m109      [0m | [0m-0.1123  [0m | [0m0.8099   [0m | [0m0.1951   [0m | [0m9.419    [0m | [0m1.139e+04[0m |
| [0m110      [0m | [0m-0.07231 [0m | [0m0.7301   [0m | [0m0.1942   [0m | [0m4.058    [0m | [0m7.845e+03[0m |
| [0m111      [0m | [0m-0.01637 [0m | [0m0.1981   [0m | [0m0.1031   [0m | [0m4.386    [0m | [0m4.727e+03[0m |
| [0m112      [0m | [0m-0.07665 [0m | [0m0.5113   [0m | [0m0.1313   [0m | [0m4.681    [0m | [0m9.106e+03[0m |
| [0m113      [0m | [0m-0.03499 [0m | [0m0.2677   [0m | [0m0.07008  [0m | [0m3.754    [0m | [0m1.598e+04[0m |
| [0m114      [0m | [0m-0.01328 [0m | [0m0.3675   [0m | [0m0.1543   [0m | [0m6.916    [0m | [0m1.008e+03[0m |
| [0m115      [0m | [0m-0.03907 [0m | [0m0.5975   [0m | [0m0.1842   [0m | [0m2.839    [0m | [0m9.906e+03[0m |
| [0m116      [0m | [0m-0.05093 [0m | [0m0.4434   [0m | [0m0.06229  [0m | [0m5.003    [0m | [0m1.595e+04[0m |
| [0m117      [0m | [0m-0.0213  [0m | [0m0.88     [0m | [0m0.06677  [0m | [0m7.436    [0m | [0m5.8e+03  [0m |
| [0m118      [0m | [0m-0.08727 [0m | [0m0.7332   [0m | [0m0.1394   [0m | [0m7.712    [0m | [0m1.544e+04[0m |
| [0m119      [0m | [0m-0.008217[0m | [0m0.9845   [0m | [0m0.0752   [0m | [0m2.174    [0m | [0m1.836e+04[0m |
| [0m120      [0m | [0m-0.02224 [0m | [0m0.6475   [0m | [0m0.1734   [0m | [0m9.241    [0m | [0m1.247e+03[0m |
=========================================================================
It takes 938.2302755912145 minutes
{'colsample_bytree': 0.5, 'learning_rate': 0.07, 'max_depth': 1, 'n_estimators': 1244.5}
Traceback (most recent call last):
  File "/root/Documents/bachelor/bs_ml/bayesian_opt/bayesian_optimization.py", line 123, in <module>
    data.to_csv(repo_path + "/models/" + name + ".csv")
  File "/usr/local/lib/python3.9/dist-packages/pandas/core/generic.py", line 3772, in to_csv
    return DataFrameRenderer(formatter).to_csv(
  File "/usr/local/lib/python3.9/dist-packages/pandas/io/formats/format.py", line 1186, in to_csv
    csv_formatter.save()
  File "/usr/local/lib/python3.9/dist-packages/pandas/io/formats/csvs.py", line 240, in save
    with get_handle(
  File "/usr/local/lib/python3.9/dist-packages/pandas/io/common.py", line 737, in get_handle
    check_parent_directory(str(handle))
  File "/usr/local/lib/python3.9/dist-packages/pandas/io/common.py", line 600, in check_parent_directory
    raise OSError(rf"Cannot save file into a non-existent directory: '{parent}'")
OSError: Cannot save file into a non-existent directory: '/root/Documents/github_repos/bs_ml/models'
Loaded dataframe from path :  /root/Documents/bachelor/train.parquet
time needed for reduction: 23.063456773757935 sec
PCA / information lost:  0.355684282083932
|   iter    |  target   | colsam... | learni... | max_depth | n_esti... |
-------------------------------------------------------------------------
| [0m1        [0m | [0m-0.03638 [0m | [0m0.651    [0m | [0m0.04212  [0m | [0m4.925    [0m | [0m1.55e+04 [0m |
| [95m2        [0m | [95m0.0003235[0m | [95m0.3658   [0m | [95m0.03834  [0m | [95m1.202    [0m | [95m8.694e+03[0m |
| [0m3        [0m | [0m-0.01656 [0m | [0m0.3148   [0m | [0m0.07415  [0m | [0m9.916    [0m | [0m5.136e+03[0m |
| [0m4        [0m | [0m-0.04351 [0m | [0m0.1731   [0m | [0m0.1372   [0m | [0m6.591    [0m | [0m5.848e+03[0m |
| [0m5        [0m | [0m-0.003015[0m | [0m0.5196   [0m | [0m0.03249  [0m | [0m1.666    [0m | [0m1.807e+04[0m |
| [0m6        [0m | [0m-0.1149  [0m | [0m0.8146   [0m | [0m0.1697   [0m | [0m8.337    [0m | [0m1.982e+04[0m |
| [0m7        [0m | [0m-0.01685 [0m | [0m0.6195   [0m | [0m0.1646   [0m | [0m4.792    [0m | [0m1.035e+03[0m |
| [0m8        [0m | [0m-0.01232 [0m | [0m0.5087   [0m | [0m0.03001  [0m | [0m8.355    [0m | [0m1.411e+04[0m |
| [0m9        [0m | [0m-0.008623[0m | [0m0.6088   [0m | [0m0.0621   [0m | [0m9.986    [0m | [0m3.192e+03[0m |
| [0m10       [0m | [0m-0.08078 [0m | [0m0.6539   [0m | [0m0.1022   [0m | [0m4.645    [0m | [0m1.469e+04[0m |
| [0m11       [0m | [0m-0.05294 [0m | [0m0.3905   [0m | [0m0.0861   [0m | [0m3.871    [0m | [0m1.897e+04[0m |
| [0m12       [0m | [0m-0.000957[0m | [0m0.9268   [0m | [0m0.1646   [0m | [0m1.307    [0m | [0m1.89e+04 [0m |
| [0m13       [0m | [0m-0.1434  [0m | [0m0.9554   [0m | [0m0.1633   [0m | [0m5.332    [0m | [0m1.935e+04[0m |
| [95m14       [0m | [95m0.0006249[0m | [95m0.4753   [0m | [95m0.07058  [0m | [95m1.148    [0m | [95m1.245e+03[0m |
| [0m15       [0m | [0m0.0004995[0m | [0m0.1478   [0m | [0m0.03431  [0m | [0m1.3      [0m | [0m4.915e+03[0m |
| [0m16       [0m | [0m-0.001436[0m | [0m0.5895   [0m | [0m0.04394  [0m | [0m2.614    [0m | [0m3.417e+03[0m |
| [0m17       [0m | [0m-0.05661 [0m | [0m0.7147   [0m | [0m0.09911  [0m | [0m7.914    [0m | [0m1.354e+04[0m |
| [0m18       [0m | [0m-0.1088  [0m | [0m0.4971   [0m | [0m0.1231   [0m | [0m5.155    [0m | [0m1.928e+04[0m |
| [0m19       [0m | [0m-0.1172  [0m | [0m0.233    [0m | [0m0.1823   [0m | [0m5.481    [0m | [0m1.205e+04[0m |
| [0m20       [0m | [0m-0.01654 [0m | [0m0.7162   [0m | [0m0.04372  [0m | [0m8.782    [0m | [0m9.901e+03[0m |
| [0m21       [0m | [0m-0.01865 [0m | [0m0.2001   [0m | [0m0.1753   [0m | [0m2.282    [0m | [0m1.876e+04[0m |
| [0m22       [0m | [0m-0.04028 [0m | [0m0.6483   [0m | [0m0.1207   [0m | [0m2.695    [0m | [0m1.807e+04[0m |
| [0m23       [0m | [0m-0.004583[0m | [0m0.3994   [0m | [0m0.1862   [0m | [0m3.293    [0m | [0m1.246e+03[0m |
| [0m24       [0m | [0m-0.007148[0m | [0m0.6234   [0m | [0m0.1339   [0m | [0m1.918    [0m | [0m8.69e+03 [0m |
| [0m25       [0m | [0m-0.04771 [0m | [0m0.2947   [0m | [0m0.1068   [0m | [0m5.972    [0m | [0m8.694e+03[0m |
| [0m26       [0m | [0m-0.000625[0m | [0m0.3551   [0m | [0m0.02518  [0m | [0m2.784    [0m | [0m4.91e+03 [0m |
| [0m27       [0m | [0m-0.08259 [0m | [0m0.1882   [0m | [0m0.1342   [0m | [0m6.505    [0m | [0m1.89e+04 [0m |
| [0m28       [0m | [0m-0.06985 [0m | [0m0.6141   [0m | [0m0.181    [0m | [0m7.59     [0m | [0m4.915e+03[0m |
| [0m29       [0m | [0m-0.001029[0m | [0m0.149    [0m | [0m0.09806  [0m | [0m1.761    [0m | [0m3.413e+03[0m |
| [0m30       [0m | [0m-0.01753 [0m | [0m0.1428   [0m | [0m0.1731   [0m | [0m2.482    [0m | [0m1.806e+04[0m |
| [0m31       [0m | [0m-0.01805 [0m | [0m0.9388   [0m | [0m0.08315  [0m | [0m7.064    [0m | [0m3.414e+03[0m |
| [0m32       [0m | [0m-0.002537[0m | [0m0.6877   [0m | [0m0.0761   [0m | [0m4.108    [0m | [0m1.24e+03 [0m |
| [0m33       [0m | [0m0.0003492[0m | [0m0.3677   [0m | [0m0.01819  [0m | [0m3.129    [0m | [0m3.407e+03[0m |
| [0m34       [0m | [0m-0.01457 [0m | [0m0.1723   [0m | [0m0.164    [0m | [0m8.321    [0m | [0m1.243e+03[0m |
| [0m35       [0m | [0m-0.007994[0m | [0m0.3531   [0m | [0m0.06132  [0m | [0m8.426    [0m | [0m3.405e+03[0m |
| [0m36       [0m | [0m-0.03352 [0m | [0m0.2474   [0m | [0m0.1101   [0m | [0m2.585    [0m | [0m1.889e+04[0m |
| [0m37       [0m | [0m-0.02435 [0m | [0m0.2628   [0m | [0m0.1117   [0m | [0m5.31     [0m | [0m3.4e+03  [0m |
| [0m38       [0m | [0m-0.01806 [0m | [0m0.4353   [0m | [0m0.1739   [0m | [0m3.199    [0m | [0m4.903e+03[0m |
| [0m39       [0m | [0m-0.0543  [0m | [0m0.8765   [0m | [0m0.1688   [0m | [0m4.59     [0m | [0m3.425e+03[0m |
| [0m40       [0m | [0m-0.02074 [0m | [0m0.2939   [0m | [0m0.1514   [0m | [0m4.102    [0m | [0m3.19e+03 [0m |
| [0m41       [0m | [0m-0.01847 [0m | [0m0.4254   [0m | [0m0.1644   [0m | [0m7.433    [0m | [0m1.235e+03[0m |
| [0m42       [0m | [0m-0.004374[0m | [0m0.2112   [0m | [0m0.05175  [0m | [0m8.816    [0m | [0m3.199e+03[0m |
| [0m43       [0m | [0m-0.002491[0m | [0m0.4212   [0m | [0m0.1392   [0m | [0m1.793    [0m | [0m3.2e+03  [0m |
| [0m44       [0m | [0m-0.01991 [0m | [0m0.3899   [0m | [0m0.09507  [0m | [0m4.503    [0m | [0m3.204e+03[0m |
| [0m45       [0m | [0m-0.01539 [0m | [0m0.6375   [0m | [0m0.02082  [0m | [0m5.247    [0m | [0m1.41e+04 [0m |
| [0m46       [0m | [0m-0.02334 [0m | [0m0.1662   [0m | [0m0.1825   [0m | [0m4.227    [0m | [0m3.196e+03[0m |
| [0m47       [0m | [0m-0.01369 [0m | [0m0.9598   [0m | [0m0.07653  [0m | [0m9.689    [0m | [0m3.184e+03[0m |
| [0m48       [0m | [0m-0.002254[0m | [0m0.8471   [0m | [0m0.03232  [0m | [0m1.886    [0m | [0m1.411e+04[0m |
| [0m49       [0m | [0m-0.08419 [0m | [0m0.808    [0m | [0m0.1036   [0m | [0m4.616    [0m | [0m1.411e+04[0m |
| [0m50       [0m | [0m-0.000295[0m | [0m0.9852   [0m | [0m0.09115  [0m | [0m1.437    [0m | [0m1.411e+04[0m |
| [0m51       [0m | [0m-0.003465[0m | [0m0.5961   [0m | [0m0.07291  [0m | [0m2.246    [0m | [0m8.701e+03[0m |
| [0m52       [0m | [0m-0.02124 [0m | [0m0.7375   [0m | [0m0.1221   [0m | [0m2.967    [0m | [0m8.707e+03[0m |
| [0m53       [0m | [0m-0.000290[0m | [0m0.709    [0m | [0m0.1424   [0m | [0m1.276    [0m | [0m8.683e+03[0m |
| [0m54       [0m | [0m-0.1046  [0m | [0m0.6916   [0m | [0m0.186    [0m | [0m5.502    [0m | [0m8.678e+03[0m |
| [0m55       [0m | [0m-0.000419[0m | [0m0.7649   [0m | [0m0.06694  [0m | [0m3.134    [0m | [0m1.253e+03[0m |
| [0m56       [0m | [0m0.000562 [0m | [0m0.459    [0m | [0m0.09667  [0m | [0m1.145    [0m | [0m1.259e+03[0m |
| [0m57       [0m | [0m-0.002183[0m | [0m0.2508   [0m | [0m0.1345   [0m | [0m2.538    [0m | [0m1.265e+03[0m |
| [0m58       [0m | [0m-0.000858[0m | [0m0.6048   [0m | [0m0.03945  [0m | [0m7.057    [0m | [0m1.259e+03[0m |
| [0m59       [0m | [0m-0.002709[0m | [0m0.364    [0m | [0m0.06469  [0m | [0m8.667    [0m | [0m1.253e+03[0m |
| [0m60       [0m | [0m-0.00558 [0m | [0m0.7902   [0m | [0m0.07784  [0m | [0m9.144    [0m | [0m1.265e+03[0m |
| [0m61       [0m | [0m-0.00104 [0m | [0m0.9358   [0m | [0m0.03263  [0m | [0m6.646    [0m | [0m1.273e+03[0m |
| [0m62       [0m | [0m-0.001146[0m | [0m0.7129   [0m | [0m0.03767  [0m | [0m5.571    [0m | [0m1.28e+03 [0m |
| [0m63       [0m | [0m-0.001116[0m | [0m0.1799   [0m | [0m0.1982   [0m | [0m1.764    [0m | [0m1.272e+03[0m |
| [0m64       [0m | [0m-0.002528[0m | [0m0.7233   [0m | [0m0.05178  [0m | [0m5.767    [0m | [0m1.286e+03[0m |
| [0m65       [0m | [0m-0.02116 [0m | [0m0.5977   [0m | [0m0.166    [0m | [0m8.258    [0m | [0m1.295e+03[0m |
| [0m66       [0m | [0m0.0004927[0m | [0m0.3124   [0m | [0m0.05326  [0m | [0m1.666    [0m | [0m1.278e+03[0m |
| [0m67       [0m | [0m-0.00677 [0m | [0m0.5343   [0m | [0m0.04371  [0m | [0m2.609    [0m | [0m9.893e+03[0m |
| [0m68       [0m | [0m-0.01429 [0m | [0m0.1839   [0m | [0m0.05188  [0m | [0m9.79     [0m | [0m9.889e+03[0m |
| [0m69       [0m | [0m-0.03965 [0m | [0m0.8028   [0m | [0m0.07109  [0m | [0m5.675    [0m | [0m9.879e+03[0m |
| [0m70       [0m | [0m-0.05023 [0m | [0m0.7047   [0m | [0m0.1692   [0m | [0m4.523    [0m | [0m3.175e+03[0m |
| [0m71       [0m | [0m-0.01138 [0m | [0m0.8226   [0m | [0m0.1785   [0m | [0m1.861    [0m | [0m9.908e+03[0m |
| [0m72       [0m | [0m-0.02294 [0m | [0m0.7588   [0m | [0m0.05715  [0m | [0m9.949    [0m | [0m9.909e+03[0m |
| [95m73       [0m | [95m0.0006621[0m | [95m0.4121   [0m | [95m0.05084  [0m | [95m1.405    [0m | [95m1.292e+03[0m |
| [0m74       [0m | [0m0.0006611[0m | [0m0.439    [0m | [0m0.02856  [0m | [0m1.275    [0m | [0m1.286e+03[0m |
| [0m75       [0m | [0m-0.01987 [0m | [0m0.643    [0m | [0m0.1051   [0m | [0m3.461    [0m | [0m9.916e+03[0m |
| [0m76       [0m | [0m-0.001674[0m | [0m0.6374   [0m | [0m0.0319   [0m | [0m2.71     [0m | [0m5.129e+03[0m |
| [0m77       [0m | [0m-0.01288 [0m | [0m0.7104   [0m | [0m0.1252   [0m | [0m2.834    [0m | [0m5.122e+03[0m |
| [0m78       [0m | [0m0.0001242[0m | [0m0.431    [0m | [0m0.05691  [0m | [0m1.378    [0m | [0m9.901e+03[0m |
| [0m79       [0m | [0m0.0001633[0m | [0m0.4566   [0m | [0m0.0973   [0m | [0m1.436    [0m | [0m5.138e+03[0m |
| [0m80       [0m | [0m-0.000376[0m | [0m0.4762   [0m | [0m0.01025  [0m | [0m7.937    [0m | [0m6.463e+03[0m |
| [0m81       [0m | [0m-0.002701[0m | [0m0.3574   [0m | [0m0.02304  [0m | [0m3.812    [0m | [0m6.349e+03[0m |
| [0m82       [0m | [0m-1.313e-0[0m | [0m0.5179   [0m | [0m0.02138  [0m | [0m2.14     [0m | [0m6.467e+03[0m |
| [0m83       [0m | [0m-0.009094[0m | [0m0.8447   [0m | [0m0.1535   [0m | [0m2.929    [0m | [0m2.815e+03[0m |
| [0m84       [0m | [0m-0.06744 [0m | [0m0.3788   [0m | [0m0.1497   [0m | [0m4.853    [0m | [0m6.457e+03[0m |
| [0m85       [0m | [0m-0.009703[0m | [0m0.9053   [0m | [0m0.01372  [0m | [0m7.243    [0m | [0m1.731e+04[0m |
| [0m86       [0m | [0m-0.006259[0m | [0m0.4688   [0m | [0m0.08878  [0m | [0m1.88     [0m | [0m1.201e+04[0m |
| [0m87       [0m | [0m-0.002279[0m | [0m0.7072   [0m | [0m0.04667  [0m | [0m8.902    [0m | [0m1.585e+03[0m |
| [0m88       [0m | [0m-0.02188 [0m | [0m0.7876   [0m | [0m0.1861   [0m | [0m2.585    [0m | [0m5.122e+03[0m |
| [0m89       [0m | [0m-0.003588[0m | [0m0.9536   [0m | [0m0.1511   [0m | [0m2.779    [0m | [0m1.282e+03[0m |
| [0m90       [0m | [0m-0.00173 [0m | [0m0.4638   [0m | [0m0.1161   [0m | [0m3.44     [0m | [0m1.257e+03[0m |
| [0m91       [0m | [0m-0.01428 [0m | [0m0.3428   [0m | [0m0.08353  [0m | [0m4.239    [0m | [0m5.124e+03[0m |
| [0m92       [0m | [0m-0.02989 [0m | [0m0.3898   [0m | [0m0.07911  [0m | [0m5.125    [0m | [0m6.465e+03[0m |
| [0m93       [0m | [0m-0.01196 [0m | [0m0.2519   [0m | [0m0.1976   [0m | [0m3.884    [0m | [0m1.261e+03[0m |
| [0m94       [0m | [0m-0.01073 [0m | [0m0.2137   [0m | [0m0.1297   [0m | [0m5.322    [0m | [0m1.277e+03[0m |
| [0m95       [0m | [0m-0.001405[0m | [0m0.5336   [0m | [0m0.09851  [0m | [0m3.337    [0m | [0m1.29e+03 [0m |
| [0m96       [0m | [0m-0.01133 [0m | [0m0.9555   [0m | [0m0.1146   [0m | [0m7.079    [0m | [0m1.255e+03[0m |
| [0m97       [0m | [0m-0.05086 [0m | [0m0.1018   [0m | [0m0.1771   [0m | [0m6.029    [0m | [0m5.121e+03[0m |
| [0m98       [0m | [0m-0.000918[0m | [0m0.7774   [0m | [0m0.04765  [0m | [0m3.562    [0m | [0m1.268e+03[0m |
| [0m99       [0m | [0m-0.04628 [0m | [0m0.874    [0m | [0m0.1485   [0m | [0m5.273    [0m | [0m3.409e+03[0m |
| [0m100      [0m | [0m-0.009127[0m | [0m0.1003   [0m | [0m0.1356   [0m | [0m7.441    [0m | [0m1.269e+03[0m |
| [0m101      [0m | [0m-0.07219 [0m | [0m0.9789   [0m | [0m0.131    [0m | [0m3.87     [0m | [0m1.411e+04[0m |
| [0m102      [0m | [0m-0.01159 [0m | [0m0.4208   [0m | [0m0.1218   [0m | [0m5.28     [0m | [0m1.284e+03[0m |
| [0m103      [0m | [0m-0.001901[0m | [0m0.9439   [0m | [0m0.1093   [0m | [0m3.281    [0m | [0m1.287e+03[0m |
| [0m104      [0m | [0m-0.001005[0m | [0m0.1112   [0m | [0m0.06404  [0m | [0m3.627    [0m | [0m1.275e+03[0m |
| [0m105      [0m | [0m-0.003717[0m | [0m0.6947   [0m | [0m0.06325  [0m | [0m5.914    [0m | [0m1.266e+03[0m |
| [0m106      [0m | [0m-0.01414 [0m | [0m0.4098   [0m | [0m0.139    [0m | [0m6.173    [0m | [0m1.251e+03[0m |
| [95m107      [0m | [95m0.0006633[0m | [95m0.6887   [0m | [95m0.02945  [0m | [95m1.044    [0m | [95m1.275e+03[0m |
| [0m108      [0m | [0m0.0003824[0m | [0m0.7655   [0m | [0m0.1974   [0m | [0m1.029    [0m | [0m1.254e+03[0m |
| [0m109      [0m | [0m-0.006524[0m | [0m0.556    [0m | [0m0.1092   [0m | [0m1.996    [0m | [0m9.897e+03[0m |
| [0m110      [0m | [0m-0.02417 [0m | [0m0.9384   [0m | [0m0.1345   [0m | [0m2.941    [0m | [0m8.686e+03[0m |
| [0m111      [0m | [0m-0.001205[0m | [0m0.5775   [0m | [0m0.08618  [0m | [0m2.135    [0m | [0m3.405e+03[0m |
| [0m112      [0m | [0m-0.07513 [0m | [0m0.6781   [0m | [0m0.1791   [0m | [0m4.442    [0m | [0m9.901e+03[0m |
| [95m113      [0m | [95m0.0008011[0m | [95m0.3922   [0m | [95m0.0105   [0m | [95m3.47     [0m | [95m1.293e+03[0m |
| [0m114      [0m | [0m0.0006386[0m | [0m0.1363   [0m | [0m0.03675  [0m | [0m2.327    [0m | [0m1.242e+03[0m |
| [0m115      [0m | [0m0.0006103[0m | [0m0.1      [0m | [0m0.01     [0m | [0m1.0      [0m | [0m9.904e+03[0m |
| [0m116      [0m | [0m-0.002492[0m | [0m0.3493   [0m | [0m0.06347  [0m | [0m6.813    [0m | [0m1.289e+03[0m |
| [0m117      [0m | [0m-2.207e-0[0m | [0m0.4645   [0m | [0m0.1514   [0m | [0m1.411    [0m | [0m4.912e+03[0m |
| [0m118      [0m | [0m6.304e-05[0m | [0m0.193    [0m | [0m0.09814  [0m | [0m1.362    [0m | [0m6.47e+03 [0m |
| [0m119      [0m | [0m-0.001503[0m | [0m0.1305   [0m | [0m0.04144  [0m | [0m3.195    [0m | [0m5.133e+03[0m |
| [0m120      [0m | [0m-0.01297 [0m | [0m0.1      [0m | [0m0.145    [0m | [0m5.605    [0m | [0m1.584e+03[0m |
=========================================================================
It takes 605.0503278891246 minutes
{'colsample_bytree': 0.4, 'learning_rate': 0.01, 'max_depth': 3, 'n_estimators': 1292.7}
Traceback (most recent call last):
  File "/root/Documents/bachelor/bs_ml/bayesian_opt/bayesian_optimization.py", line 123, in <module>
    data.to_csv(repo_path + "/models/" + name + ".csv")
  File "/usr/local/lib/python3.9/dist-packages/pandas/core/generic.py", line 3772, in to_csv
    return DataFrameRenderer(formatter).to_csv(
  File "/usr/local/lib/python3.9/dist-packages/pandas/io/formats/format.py", line 1186, in to_csv
    csv_formatter.save()
  File "/usr/local/lib/python3.9/dist-packages/pandas/io/formats/csvs.py", line 240, in save
    with get_handle(
  File "/usr/local/lib/python3.9/dist-packages/pandas/io/common.py", line 737, in get_handle
    check_parent_directory(str(handle))
  File "/usr/local/lib/python3.9/dist-packages/pandas/io/common.py", line 600, in check_parent_directory
    raise OSError(rf"Cannot save file into a non-existent directory: '{parent}'")
OSError: Cannot save file into a non-existent directory: '/root/Documents/github_repos/bs_ml/models'
Loaded dataframe from path :  /root/Documents/bachelor/train.parquet
time needed for reduction: 61.73536419868469 sec
PCA / information lost:  0.2041898303428592
|   iter    |  target   | colsam... | learni... | max_depth | n_esti... |
-------------------------------------------------------------------------
| [0m1        [0m | [0m-0.03431 [0m | [0m0.651    [0m | [0m0.04212  [0m | [0m4.925    [0m | [0m1.55e+04 [0m |
| [95m2        [0m | [95m0.000586 [0m | [95m0.3658   [0m | [95m0.03834  [0m | [95m1.202    [0m | [95m8.694e+03[0m |
| [0m3        [0m | [0m-0.01637 [0m | [0m0.3148   [0m | [0m0.07415  [0m | [0m9.916    [0m | [0m5.136e+03[0m |
| [0m4        [0m | [0m-0.0461  [0m | [0m0.1731   [0m | [0m0.1372   [0m | [0m6.591    [0m | [0m5.848e+03[0m |
| [0m5        [0m | [0m-0.002728[0m | [0m0.5196   [0m | [0m0.03249  [0m | [0m1.666    [0m | [0m1.807e+04[0m |
| [0m6        [0m | [0m-0.1085  [0m | [0m0.8146   [0m | [0m0.1697   [0m | [0m8.337    [0m | [0m1.982e+04[0m |
| [0m7        [0m | [0m-0.0176  [0m | [0m0.6195   [0m | [0m0.1646   [0m | [0m4.792    [0m | [0m1.035e+03[0m |
| [0m8        [0m | [0m-0.01167 [0m | [0m0.5087   [0m | [0m0.03001  [0m | [0m8.355    [0m | [0m1.411e+04[0m |
| [0m9        [0m | [0m-0.008995[0m | [0m0.6088   [0m | [0m0.0621   [0m | [0m9.986    [0m | [0m3.192e+03[0m |
| [0m10       [0m | [0m-0.07892 [0m | [0m0.6539   [0m | [0m0.1022   [0m | [0m4.645    [0m | [0m1.469e+04[0m |
| [0m11       [0m | [0m-0.04548 [0m | [0m0.1159   [0m | [0m0.1861   [0m | [0m9.17     [0m | [0m3.194e+03[0m |
| [0m12       [0m | [0m-0.1148  [0m | [0m0.6838   [0m | [0m0.1693   [0m | [0m4.476    [0m | [0m1.936e+04[0m |
| [0m13       [0m | [0m-0.000288[0m | [0m0.7451   [0m | [0m0.01406  [0m | [0m9.52     [0m | [0m4.772e+03[0m |
| [0m14       [0m | [0m-0.004764[0m | [0m0.8737   [0m | [0m0.06704  [0m | [0m2.46     [0m | [0m1.269e+04[0m |
| [0m15       [0m | [0m-0.1548  [0m | [0m0.7625   [0m | [0m0.192    [0m | [0m4.519    [0m | [0m1.962e+04[0m |
| [0m16       [0m | [0m-0.006586[0m | [0m0.3443   [0m | [0m0.1246   [0m | [0m2.021    [0m | [0m8.697e+03[0m |
| [0m17       [0m | [0m-0.007346[0m | [0m0.6341   [0m | [0m0.04389  [0m | [0m6.505    [0m | [0m4.767e+03[0m |
| [0m18       [0m | [0m-0.002347[0m | [0m0.9429   [0m | [0m0.02716  [0m | [0m8.608    [0m | [0m3.187e+03[0m |
| [0m19       [0m | [0m-0.0241  [0m | [0m0.3509   [0m | [0m0.07128  [0m | [0m9.419    [0m | [0m8.692e+03[0m |
| [0m20       [0m | [0m0.0002027[0m | [0m0.632    [0m | [0m0.1333   [0m | [0m1.246    [0m | [0m4.775e+03[0m |
| [0m21       [0m | [0m-0.01265 [0m | [0m0.8499   [0m | [0m0.0547   [0m | [0m6.815    [0m | [0m4.782e+03[0m |
| [0m22       [0m | [0m-0.05964 [0m | [0m0.982    [0m | [0m0.09508  [0m | [0m9.006    [0m | [0m1.807e+04[0m |
| [0m23       [0m | [0m-0.02118 [0m | [0m0.9383   [0m | [0m0.0467   [0m | [0m8.727    [0m | [0m1.269e+04[0m |
| [0m24       [0m | [0m-0.02968 [0m | [0m0.9256   [0m | [0m0.06094  [0m | [0m9.897    [0m | [0m1.268e+04[0m |
| [0m25       [0m | [0m-0.00103 [0m | [0m0.9082   [0m | [0m0.1462   [0m | [0m1.375    [0m | [0m1.806e+04[0m |
| [0m26       [0m | [0m-0.1114  [0m | [0m0.9955   [0m | [0m0.1282   [0m | [0m5.254    [0m | [0m1.805e+04[0m |
| [0m27       [0m | [0m-0.01322 [0m | [0m0.6123   [0m | [0m0.08456  [0m | [0m2.554    [0m | [0m8.686e+03[0m |
| [0m28       [0m | [0m-0.05262 [0m | [0m0.4772   [0m | [0m0.09853  [0m | [0m8.149    [0m | [0m1.411e+04[0m |
| [0m29       [0m | [0m-0.04649 [0m | [0m0.7949   [0m | [0m0.08599  [0m | [0m9.434    [0m | [0m1.41e+04 [0m |
| [0m30       [0m | [0m-0.01992 [0m | [0m0.4208   [0m | [0m0.1026   [0m | [0m9.675    [0m | [0m3.179e+03[0m |
| [0m31       [0m | [0m-0.01349 [0m | [0m0.1018   [0m | [0m0.08195  [0m | [0m2.688    [0m | [0m1.27e+04 [0m |
| [0m32       [0m | [0m-0.05236 [0m | [0m0.3073   [0m | [0m0.1162   [0m | [0m3.932    [0m | [0m1.271e+04[0m |
| [0m33       [0m | [0m-0.000713[0m | [0m0.9107   [0m | [0m0.1529   [0m | [0m1.481    [0m | [0m1.268e+04[0m |
| [0m34       [0m | [0m-0.01573 [0m | [0m0.273    [0m | [0m0.07977  [0m | [0m2.517    [0m | [0m1.267e+04[0m |
| [0m35       [0m | [0m-0.005086[0m | [0m0.2561   [0m | [0m0.1604   [0m | [0m2.343    [0m | [0m5.141e+03[0m |
| [95m36       [0m | [95m0.0007249[0m | [95m0.1      [0m | [95m0.01     [0m | [95m8.931    [0m | [95m5.145e+03[0m |
| [0m37       [0m | [0m-0.0243  [0m | [0m0.1365   [0m | [0m0.1342   [0m | [0m4.338    [0m | [0m5.151e+03[0m |
| [0m38       [0m | [0m0.0003158[0m | [0m0.2962   [0m | [0m0.0123   [0m | [0m3.755    [0m | [0m5.128e+03[0m |
| [0m39       [0m | [0m-0.1051  [0m | [0m0.4125   [0m | [0m0.1345   [0m | [0m5.43     [0m | [0m1.665e+04[0m |
| [0m40       [0m | [0m-0.04042 [0m | [0m0.9676   [0m | [0m0.1175   [0m | [0m9.319    [0m | [0m5.121e+03[0m |
| [0m41       [0m | [0m0.0001122[0m | [0m0.3867   [0m | [0m0.1508   [0m | [0m1.498    [0m | [0m4.793e+03[0m |
| [0m42       [0m | [0m-0.005384[0m | [0m0.9593   [0m | [0m0.1579   [0m | [0m1.723    [0m | [0m5.134e+03[0m |
| [0m43       [0m | [0m-0.07425 [0m | [0m0.6233   [0m | [0m0.188    [0m | [0m9.1      [0m | [0m4.795e+03[0m |
| [0m44       [0m | [0m-0.01066 [0m | [0m0.1437   [0m | [0m0.1449   [0m | [0m9.757    [0m | [0m1.025e+03[0m |
| [0m45       [0m | [0m0.0004559[0m | [0m0.9787   [0m | [0m0.02641  [0m | [0m2.498    [0m | [0m4.786e+03[0m |
| [0m46       [0m | [0m-0.01652 [0m | [0m0.6684   [0m | [0m0.159    [0m | [0m6.044    [0m | [0m1.016e+03[0m |
| [0m47       [0m | [0m-0.004676[0m | [0m0.1123   [0m | [0m0.1697   [0m | [0m1.686    [0m | [0m4.758e+03[0m |
| [0m48       [0m | [0m-0.005467[0m | [0m0.7804   [0m | [0m0.1381   [0m | [0m1.649    [0m | [0m6.247e+03[0m |
| [0m49       [0m | [0m-0.01058 [0m | [0m0.3329   [0m | [0m0.1342   [0m | [0m6.572    [0m | [0m1.016e+03[0m |
| [95m50       [0m | [95m0.0008358[0m | [95m0.1      [0m | [95m0.01     [0m | [95m10.0     [0m | [95m1.01e+03 [0m |
| [0m51       [0m | [0m-0.01138 [0m | [0m0.3194   [0m | [0m0.05031  [0m | [0m5.501    [0m | [0m6.254e+03[0m |
| [0m52       [0m | [0m-0.01573 [0m | [0m0.6947   [0m | [0m0.05936  [0m | [0m9.562    [0m | [0m6.247e+03[0m |
| [0m53       [0m | [0m-0.04794 [0m | [0m0.8792   [0m | [0m0.1379   [0m | [0m9.983    [0m | [0m4.752e+03[0m |
| [0m54       [0m | [0m-0.000270[0m | [0m0.7401   [0m | [0m0.1874   [0m | [0m1.187    [0m | [0m6.24e+03 [0m |
| [0m55       [0m | [0m-0.007298[0m | [0m0.6398   [0m | [0m0.1707   [0m | [0m2.074    [0m | [0m6.231e+03[0m |
| [0m56       [0m | [0m-0.01498 [0m | [0m0.4742   [0m | [0m0.1567   [0m | [0m6.813    [0m | [0m1.001e+03[0m |
| [0m57       [0m | [0m-0.06688 [0m | [0m0.217    [0m | [0m0.1704   [0m | [0m9.081    [0m | [0m6.235e+03[0m |
| [0m58       [0m | [0m-0.02402 [0m | [0m0.503    [0m | [0m0.1711   [0m | [0m2.568    [0m | [0m6.223e+03[0m |
| [0m59       [0m | [0m-0.0228  [0m | [0m0.8229   [0m | [0m0.07272  [0m | [0m8.296    [0m | [0m6.264e+03[0m |
| [0m60       [0m | [0m0.0006308[0m | [0m0.7609   [0m | [0m0.01221  [0m | [0m2.163    [0m | [0m8.674e+03[0m |
| [0m61       [0m | [0m-0.04202 [0m | [0m0.4181   [0m | [0m0.1038   [0m | [0m9.402    [0m | [0m8.678e+03[0m |
| [95m62       [0m | [95m0.0009452[0m | [95m0.2794   [0m | [95m0.01271  [0m | [95m1.086    [0m | [95m8.669e+03[0m |
| [0m63       [0m | [0m-0.02151 [0m | [0m0.3649   [0m | [0m0.07538  [0m | [0m3.715    [0m | [0m8.66e+03 [0m |
| [0m64       [0m | [0m-0.05484 [0m | [0m0.8566   [0m | [0m0.117    [0m | [0m9.016    [0m | [0m8.668e+03[0m |
| [0m65       [0m | [0m0.000511 [0m | [0m0.4259   [0m | [0m0.07985  [0m | [0m1.288    [0m | [0m4.769e+03[0m |
| [0m66       [0m | [0m-0.008025[0m | [0m0.8438   [0m | [0m0.1061   [0m | [0m8.201    [0m | [0m989.7    [0m |
| [0m67       [0m | [0m0.0006949[0m | [0m0.2825   [0m | [0m0.08715  [0m | [0m2.375    [0m | [0m983.1    [0m |
| [0m68       [0m | [0m-0.002617[0m | [0m0.7503   [0m | [0m0.06999  [0m | [0m9.46     [0m | [0m981.6    [0m |
| [0m69       [0m | [0m-0.008606[0m | [0m0.2349   [0m | [0m0.1326   [0m | [0m4.81     [0m | [0m970.2    [0m |
| [0m70       [0m | [0m0.0009408[0m | [0m0.3753   [0m | [0m0.01491  [0m | [0m4.811    [0m | [0m976.9    [0m |
| [0m71       [0m | [0m-0.001065[0m | [0m0.4026   [0m | [0m0.05614  [0m | [0m7.809    [0m | [0m958.9    [0m |
| [0m72       [0m | [0m-0.000876[0m | [0m0.2588   [0m | [0m0.05518  [0m | [0m8.42     [0m | [0m940.7    [0m |
| [0m73       [0m | [0m-0.01311 [0m | [0m0.7188   [0m | [0m0.1422   [0m | [0m6.742    [0m | [0m950.7    [0m |
| [0m74       [0m | [0m-0.00259 [0m | [0m0.8479   [0m | [0m0.0671   [0m | [0m5.811    [0m | [0m932.2    [0m |
| [0m75       [0m | [0m0.0008854[0m | [0m0.9743   [0m | [0m0.157    [0m | [0m1.199    [0m | [0m923.9    [0m |
| [0m76       [0m | [0m-0.003915[0m | [0m0.1484   [0m | [0m0.09785  [0m | [0m9.343    [0m | [0m919.7    [0m |
| [0m77       [0m | [0m0.000928 [0m | [0m0.6578   [0m | [0m0.1238   [0m | [0m1.375    [0m | [0m941.1    [0m |
| [0m78       [0m | [0m-0.002642[0m | [0m0.4096   [0m | [0m0.1706   [0m | [0m3.414    [0m | [0m911.5    [0m |
| [0m79       [0m | [0m-0.002295[0m | [0m0.9046   [0m | [0m0.06619  [0m | [0m7.221    [0m | [0m902.6    [0m |
| [0m80       [0m | [0m-0.00296 [0m | [0m0.2015   [0m | [0m0.1919   [0m | [0m3.104    [0m | [0m893.1    [0m |
| [0m81       [0m | [0m-0.008054[0m | [0m0.2106   [0m | [0m0.1338   [0m | [0m6.913    [0m | [0m885.0    [0m |
| [0m82       [0m | [0m0.0003748[0m | [0m0.5219   [0m | [0m0.03226  [0m | [0m6.276    [0m | [0m872.3    [0m |
| [0m83       [0m | [0m-0.008164[0m | [0m0.6726   [0m | [0m0.1215   [0m | [0m7.048    [0m | [0m863.1    [0m |
| [0m84       [0m | [0m-0.004122[0m | [0m0.4218   [0m | [0m0.09624  [0m | [0m8.798    [0m | [0m849.6    [0m |
| [0m85       [0m | [0m0.0008117[0m | [0m0.3297   [0m | [0m0.02622  [0m | [0m7.471    [0m | [0m840.3    [0m |
| [95m86       [0m | [95m0.001002 [0m | [95m0.2143   [0m | [95m0.02642  [0m | [95m1.556    [0m | [95m843.1    [0m |
| [0m87       [0m | [0m-0.001815[0m | [0m0.9055   [0m | [0m0.147    [0m | [0m3.441    [0m | [0m831.9    [0m |
| [0m88       [0m | [0m-0.007819[0m | [0m0.5933   [0m | [0m0.1229   [0m | [0m5.171    [0m | [0m821.7    [0m |
| [0m89       [0m | [0m-0.001974[0m | [0m0.9937   [0m | [0m0.06389  [0m | [0m9.054    [0m | [0m810.8    [0m |
| [0m90       [0m | [0m0.0008414[0m | [0m0.1484   [0m | [0m0.04572  [0m | [0m1.005    [0m | [0m804.6    [0m |
| [95m91       [0m | [95m0.001047 [0m | [95m0.3864   [0m | [95m0.0126   [0m | [95m8.648    [0m | [95m799.1    [0m |
| [0m92       [0m | [0m0.0009452[0m | [0m0.6709   [0m | [0m0.1151   [0m | [0m1.259    [0m | [0m794.4    [0m |
| [0m93       [0m | [0m-0.008191[0m | [0m0.1662   [0m | [0m0.1406   [0m | [0m9.993    [0m | [0m787.8    [0m |
| [0m94       [0m | [0m0.0006459[0m | [0m0.8294   [0m | [0m0.02085  [0m | [0m1.283    [0m | [0m812.6    [0m |
| [0m95       [0m | [0m0.0009124[0m | [0m0.7877   [0m | [0m0.07634  [0m | [0m1.684    [0m | [0m781.3    [0m |
| [0m96       [0m | [0m-0.0043  [0m | [0m0.6483   [0m | [0m0.09252  [0m | [0m6.954    [0m | [0m770.5    [0m |
| [0m97       [0m | [0m0.0004746[0m | [0m0.7914   [0m | [0m0.01235  [0m | [0m1.337    [0m | [0m762.5    [0m |
| [0m98       [0m | [0m-0.00833 [0m | [0m0.3195   [0m | [0m0.142    [0m | [0m8.634    [0m | [0m754.0    [0m |
| [0m99       [0m | [0m0.0008918[0m | [0m0.5879   [0m | [0m0.05269  [0m | [0m1.151    [0m | [0m879.1    [0m |
| [0m100      [0m | [0m0.0009778[0m | [0m0.9169   [0m | [0m0.02412  [0m | [0m2.026    [0m | [0m746.2    [0m |
| [0m101      [0m | [0m-0.01554 [0m | [0m0.5937   [0m | [0m0.1792   [0m | [0m7.789    [0m | [0m737.4    [0m |
| [0m102      [0m | [0m0.0008799[0m | [0m0.5769   [0m | [0m0.1951   [0m | [0m1.239    [0m | [0m719.9    [0m |
| [0m103      [0m | [0m-0.009569[0m | [0m0.2044   [0m | [0m0.1646   [0m | [0m5.427    [0m | [0m711.1    [0m |
| [0m104      [0m | [0m-0.001917[0m | [0m0.8909   [0m | [0m0.07016  [0m | [0m8.995    [0m | [0m722.9    [0m |
| [0m105      [0m | [0m0.0007328[0m | [0m0.98     [0m | [0m0.03222  [0m | [0m1.022    [0m | [0m730.2    [0m |
| [0m106      [0m | [0m-0.01213 [0m | [0m0.6533   [0m | [0m0.1693   [0m | [0m5.247    [0m | [0m693.9    [0m |
| [0m107      [0m | [0m0.0009022[0m | [0m0.6996   [0m | [0m0.1859   [0m | [0m1.296    [0m | [0m679.1    [0m |
| [0m108      [0m | [0m0.0009673[0m | [0m0.1745   [0m | [0m0.01806  [0m | [0m9.327    [0m | [0m675.4    [0m |
| [0m109      [0m | [0m0.000928 [0m | [0m0.8623   [0m | [0m0.0896   [0m | [0m1.091    [0m | [0m667.8    [0m |
| [0m110      [0m | [0m-0.005028[0m | [0m0.9064   [0m | [0m0.1071   [0m | [0m9.577    [0m | [0m660.8    [0m |
=========================================================================
It takes 710.4753275275231 minutes
{'colsample_bytree': 0.4, 'learning_rate': 0.01, 'max_depth': 9, 'n_estimators': 799.1}
Traceback (most recent call last):
  File "/root/Documents/bachelor/bs_ml/bayesian_opt/bayesian_optimization.py", line 123, in <module>
    data.to_csv(repo_path + "/models/" + name + ".csv")
  File "/usr/local/lib/python3.9/dist-packages/pandas/core/generic.py", line 3772, in to_csv
    return DataFrameRenderer(formatter).to_csv(
  File "/usr/local/lib/python3.9/dist-packages/pandas/io/formats/format.py", line 1186, in to_csv
    csv_formatter.save()
  File "/usr/local/lib/python3.9/dist-packages/pandas/io/formats/csvs.py", line 240, in save
    with get_handle(
  File "/usr/local/lib/python3.9/dist-packages/pandas/io/common.py", line 737, in get_handle
    check_parent_directory(str(handle))
  File "/usr/local/lib/python3.9/dist-packages/pandas/io/common.py", line 600, in check_parent_directory
    raise OSError(rf"Cannot save file into a non-existent directory: '{parent}'")
OSError: Cannot save file into a non-existent directory: '/root/Documents/github_repos/bs_ml/models'
Traceback (most recent call last):
  File "/root/Documents/github_repos/bs_ml/bayesian_opt/bayesian_optimization.py", line 24, in <module>
    df, features, target, eras = loading_dataset()
  File "../utils.py", line 33, in loading_dataset
    df = pd.read_parquet(path_)
  File "/usr/local/lib/python3.9/dist-packages/pandas/io/parquet.py", line 509, in read_parquet
    return impl.read(
  File "/usr/local/lib/python3.9/dist-packages/pandas/io/parquet.py", line 220, in read
    path_or_handle, handles, kwargs["filesystem"] = _get_path_or_handle(
  File "/usr/local/lib/python3.9/dist-packages/pandas/io/parquet.py", line 110, in _get_path_or_handle
    handles = get_handle(
  File "/usr/local/lib/python3.9/dist-packages/pandas/io/common.py", line 868, in get_handle
    handle = open(handle, ioargs.mode)
FileNotFoundError: [Errno 2] No such file or directory: '/root/Documents/bachelor/train.parquet'
Loaded dataframe from path :  /root/Documents/github_repos/train.parquet
time needed for reduction: 68.07864475250244 sec
PCA / information lost:  0.044188112102314325
|   iter    |  target   | colsam... | learni... | max_depth | n_esti... |
-------------------------------------------------------------------------
| [0m1        [0m | [0m-0.02777 [0m | [0m0.651    [0m | [0m0.04212  [0m | [0m4.925    [0m | [0m1.55e+04 [0m |
| [95m2        [0m | [95m0.001313 [0m | [95m0.3658   [0m | [95m0.03834  [0m | [95m1.202    [0m | [95m8.694e+03[0m |
| [0m3        [0m | [0m-0.01671 [0m | [0m0.3148   [0m | [0m0.07415  [0m | [0m9.916    [0m | [0m5.136e+03[0m |
| [0m4        [0m | [0m-0.04842 [0m | [0m0.1731   [0m | [0m0.1372   [0m | [0m6.591    [0m | [0m5.848e+03[0m |
| [0m5        [0m | [0m-0.002711[0m | [0m0.5196   [0m | [0m0.03249  [0m | [0m1.666    [0m | [0m1.807e+04[0m |
| [0m6        [0m | [0m-0.1034  [0m | [0m0.8146   [0m | [0m0.1697   [0m | [0m8.337    [0m | [0m1.982e+04[0m |
| [0m7        [0m | [0m-0.01935 [0m | [0m0.6195   [0m | [0m0.1646   [0m | [0m4.792    [0m | [0m1.035e+03[0m |
| [0m8        [0m | [0m-0.009521[0m | [0m0.5087   [0m | [0m0.03001  [0m | [0m8.355    [0m | [0m1.411e+04[0m |
| [0m9        [0m | [0m-0.008546[0m | [0m0.6088   [0m | [0m0.0621   [0m | [0m9.986    [0m | [0m3.192e+03[0m |
| [0m10       [0m | [0m-0.07035 [0m | [0m0.6539   [0m | [0m0.1022   [0m | [0m4.645    [0m | [0m1.469e+04[0m |
| [0m11       [0m | [0m-0.05185 [0m | [0m0.1159   [0m | [0m0.1861   [0m | [0m9.17     [0m | [0m3.194e+03[0m |
| [0m12       [0m | [0m-0.1092  [0m | [0m0.6838   [0m | [0m0.1693   [0m | [0m4.476    [0m | [0m1.936e+04[0m |
| [0m13       [0m | [0m0.000313 [0m | [0m0.7451   [0m | [0m0.01406  [0m | [0m9.52     [0m | [0m4.772e+03[0m |
| [0m14       [0m | [0m-0.005181[0m | [0m0.8737   [0m | [0m0.06704  [0m | [0m2.46     [0m | [0m1.269e+04[0m |
| [0m15       [0m | [0m-0.1374  [0m | [0m0.7625   [0m | [0m0.192    [0m | [0m4.519    [0m | [0m1.962e+04[0m |
| [0m16       [0m | [0m-0.06153 [0m | [0m0.5839   [0m | [0m0.1251   [0m | [0m8.538    [0m | [0m1.012e+04[0m |
| [0m17       [0m | [0m-0.06521 [0m | [0m0.74     [0m | [0m0.1082   [0m | [0m6.734    [0m | [0m1.753e+04[0m |
| [0m18       [0m | [0m-0.07052 [0m | [0m0.1585   [0m | [0m0.1551   [0m | [0m8.502    [0m | [0m8.86e+03 [0m |
| [0m19       [0m | [0m0.0006852[0m | [0m0.3946   [0m | [0m0.01272  [0m | [0m2.409    [0m | [0m1.608e+04[0m |
| [0m20       [0m | [0m-0.01341 [0m | [0m0.8637   [0m | [0m0.02401  [0m | [0m3.846    [0m | [0m1.955e+04[0m |
| [0m21       [0m | [0m-0.006691[0m | [0m0.4831   [0m | [0m0.139    [0m | [0m2.574    [0m | [0m2.478e+03[0m |
| [0m22       [0m | [0m-0.0222  [0m | [0m0.4912   [0m | [0m0.1003   [0m | [0m8.89     [0m | [0m3.356e+03[0m |
| [0m23       [0m | [0m-0.03848 [0m | [0m0.6857   [0m | [0m0.1302   [0m | [0m4.488    [0m | [0m6.721e+03[0m |
| [0m24       [0m | [0m-0.00981 [0m | [0m0.4204   [0m | [0m0.1177   [0m | [0m2.27     [0m | [0m1.147e+04[0m |
| [0m25       [0m | [0m-0.0113  [0m | [0m0.9284   [0m | [0m0.161    [0m | [0m6.859    [0m | [0m574.9    [0m |
| [0m26       [0m | [0m-0.07987 [0m | [0m0.1075   [0m | [0m0.1487   [0m | [0m9.213    [0m | [0m1.573e+04[0m |
| [0m27       [0m | [0m-0.04719 [0m | [0m0.5776   [0m | [0m0.08323  [0m | [0m8.508    [0m | [0m1.881e+04[0m |
| [0m28       [0m | [0m-0.05354 [0m | [0m0.7224   [0m | [0m0.1887   [0m | [0m5.114    [0m | [0m2.582e+03[0m |
| [0m29       [0m | [0m-0.01847 [0m | [0m0.3848   [0m | [0m0.04088  [0m | [0m6.565    [0m | [0m1.825e+04[0m |
| [0m30       [0m | [0m0.0007384[0m | [0m0.8049   [0m | [0m0.08251  [0m | [0m2.096    [0m | [0m1.868e+03[0m |
| [0m31       [0m | [0m-0.007992[0m | [0m0.4143   [0m | [0m0.1767   [0m | [0m2.336    [0m | [0m5.576e+03[0m |
| [0m32       [0m | [0m-0.09083 [0m | [0m0.1079   [0m | [0m0.1773   [0m | [0m5.597    [0m | [0m1.067e+04[0m |
| [0m33       [0m | [0m-0.02326 [0m | [0m0.9161   [0m | [0m0.08566  [0m | [0m3.495    [0m | [0m1.479e+04[0m |
| [0m34       [0m | [0m-0.01638 [0m | [0m0.1013   [0m | [0m0.04643  [0m | [0m9.974    [0m | [0m1.767e+04[0m |
| [0m35       [0m | [0m-0.09664 [0m | [0m0.6618   [0m | [0m0.16     [0m | [0m6.621    [0m | [0m1.688e+04[0m |
| [0m36       [0m | [0m-0.01211 [0m | [0m0.7924   [0m | [0m0.03554  [0m | [0m9.239    [0m | [0m1.213e+04[0m |
| [0m37       [0m | [0m-0.008547[0m | [0m0.7688   [0m | [0m0.09647  [0m | [0m2.104    [0m | [0m1.269e+04[0m |
| [0m38       [0m | [0m9.009e-05[0m | [0m0.1979   [0m | [0m0.01857  [0m | [0m1.853    [0m | [0m1.608e+04[0m |
| [0m39       [0m | [0m-0.02171 [0m | [0m0.7805   [0m | [0m0.07283  [0m | [0m4.454    [0m | [0m8.697e+03[0m |
| [0m40       [0m | [0m-0.01698 [0m | [0m0.2755   [0m | [0m0.07137  [0m | [0m4.674    [0m | [0m4.772e+03[0m |
| [0m41       [0m | [0m-0.005271[0m | [0m0.1329   [0m | [0m0.05824  [0m | [0m9.376    [0m | [0m3.187e+03[0m |
| [0m42       [0m | [0m-0.000407[0m | [0m0.2587   [0m | [0m0.05152  [0m | [0m3.651    [0m | [0m1.872e+03[0m |
| [0m43       [0m | [0m0.0004049[0m | [0m0.3062   [0m | [0m0.03078  [0m | [0m9.232    [0m | [0m1.868e+03[0m |
| [0m44       [0m | [0m-0.03017 [0m | [0m0.1387   [0m | [0m0.1718   [0m | [0m3.228    [0m | [0m8.69e+03 [0m |
| [0m45       [0m | [0m-0.07928 [0m | [0m0.9053   [0m | [0m0.1333   [0m | [0m7.488    [0m | [0m1.608e+04[0m |
| [0m46       [0m | [0m-0.01479 [0m | [0m0.3087   [0m | [0m0.1136   [0m | [0m8.309    [0m | [0m1.872e+03[0m |
| [0m47       [0m | [0m-0.002784[0m | [0m0.8796   [0m | [0m0.04207  [0m | [0m5.091    [0m | [0m1.864e+03[0m |
| [0m48       [0m | [0m-0.06157 [0m | [0m0.4941   [0m | [0m0.1626   [0m | [0m8.335    [0m | [0m4.778e+03[0m |
| [0m49       [0m | [0m-0.0249  [0m | [0m0.2707   [0m | [0m0.0973   [0m | [0m8.374    [0m | [0m4.765e+03[0m |
| [0m50       [0m | [0m-0.1035  [0m | [0m0.6785   [0m | [0m0.1709   [0m | [0m7.032    [0m | [0m1.807e+04[0m |
| [0m51       [0m | [0m-0.01173 [0m | [0m0.887    [0m | [0m0.08702  [0m | [0m5.15     [0m | [0m1.869e+03[0m |
| [0m52       [0m | [0m-0.000709[0m | [0m0.4911   [0m | [0m0.1442   [0m | [0m1.738    [0m | [0m1.878e+03[0m |
| [0m53       [0m | [0m-0.01447 [0m | [0m0.9158   [0m | [0m0.111    [0m | [0m1.505    [0m | [0m1.806e+04[0m |
| [0m54       [0m | [0m-0.01518 [0m | [0m0.1795   [0m | [0m0.1163   [0m | [0m4.875    [0m | [0m1.882e+03[0m |
| [95m55       [0m | [95m0.001456 [0m | [95m0.2244   [0m | [95m0.1218   [0m | [95m1.365    [0m | [95m1.861e+03[0m |
| [0m56       [0m | [0m-0.001358[0m | [0m0.1256   [0m | [0m0.04847  [0m | [0m6.196    [0m | [0m1.858e+03[0m |
| [0m57       [0m | [0m-0.002673[0m | [0m0.8109   [0m | [0m0.0514   [0m | [0m3.989    [0m | [0m2.472e+03[0m |
| [0m58       [0m | [0m-0.02146 [0m | [0m0.1992   [0m | [0m0.1388   [0m | [0m9.809    [0m | [0m1.861e+03[0m |
| [0m59       [0m | [0m0.0004974[0m | [0m0.1933   [0m | [0m0.02725  [0m | [0m8.169    [0m | [0m2.475e+03[0m |
| [0m60       [0m | [0m-0.01203 [0m | [0m0.8672   [0m | [0m0.1325   [0m | [0m4.216    [0m | [0m1.853e+03[0m |
| [0m61       [0m | [0m-0.1112  [0m | [0m0.8643   [0m | [0m0.1915   [0m | [0m8.008    [0m | [0m1.269e+04[0m |
| [0m62       [0m | [0m-0.04934 [0m | [0m0.8337   [0m | [0m0.1752   [0m | [0m8.164    [0m | [0m2.482e+03[0m |
| [0m63       [0m | [0m-0.01374 [0m | [0m0.4483   [0m | [0m0.08932  [0m | [0m8.427    [0m | [0m2.471e+03[0m |
| [0m64       [0m | [0m-0.006805[0m | [0m0.8459   [0m | [0m0.1592   [0m | [0m2.173    [0m | [0m5.57e+03 [0m |
| [0m65       [0m | [0m-0.00766 [0m | [0m0.8286   [0m | [0m0.03687  [0m | [0m2.82     [0m | [0m1.41e+04 [0m |
| [0m66       [0m | [0m-0.01154 [0m | [0m0.3326   [0m | [0m0.05801  [0m | [0m6.925    [0m | [0m5.572e+03[0m |
| [0m67       [0m | [0m-0.04958 [0m | [0m0.5673   [0m | [0m0.09493  [0m | [0m9.003    [0m | [0m1.41e+04 [0m |
| [0m68       [0m | [0m-0.01561 [0m | [0m0.376    [0m | [0m0.07114  [0m | [0m2.974    [0m | [0m1.411e+04[0m |
| [0m69       [0m | [0m-0.02062 [0m | [0m0.1542   [0m | [0m0.1728   [0m | [0m1.804    [0m | [0m1.607e+04[0m |
| [0m70       [0m | [0m-0.01076 [0m | [0m0.6533   [0m | [0m0.05266  [0m | [0m7.853    [0m | [0m5.565e+03[0m |
| [0m71       [0m | [0m-0.004278[0m | [0m0.2488   [0m | [0m0.07044  [0m | [0m2.228    [0m | [0m1.148e+04[0m |
| [0m72       [0m | [0m-0.03628 [0m | [0m0.9608   [0m | [0m0.07744  [0m | [0m8.565    [0m | [0m1.147e+04[0m |
| [0m73       [0m | [0m-0.01343 [0m | [0m0.6899   [0m | [0m0.1198   [0m | [0m2.637    [0m | [0m5.562e+03[0m |
| [0m74       [0m | [0m-0.01742 [0m | [0m0.4264   [0m | [0m0.1848   [0m | [0m1.89     [0m | [0m1.148e+04[0m |
| [0m75       [0m | [0m-0.000110[0m | [0m0.9359   [0m | [0m0.01084  [0m | [0m7.961    [0m | [0m5.579e+03[0m |
| [0m76       [0m | [0m0.0004547[0m | [0m0.1767   [0m | [0m0.02457  [0m | [0m2.745    [0m | [0m5.585e+03[0m |
| [0m77       [0m | [0m0.0008011[0m | [0m0.3991   [0m | [0m0.01274  [0m | [0m9.804    [0m | [0m5.585e+03[0m |
| [0m78       [0m | [0m-0.007903[0m | [0m0.8612   [0m | [0m0.03152  [0m | [0m4.504    [0m | [0m5.591e+03[0m |
| [0m79       [0m | [0m-0.008965[0m | [0m0.1918   [0m | [0m0.034    [0m | [0m9.893    [0m | [0m1.411e+04[0m |
| [0m80       [0m | [0m-0.04122 [0m | [0m0.4789   [0m | [0m0.06615  [0m | [0m5.046    [0m | [0m1.412e+04[0m |
| [95m81       [0m | [95m0.001463 [0m | [95m0.6327   [0m | [95m0.05673  [0m | [95m1.65     [0m | [95m579.5    [0m |
| [0m82       [0m | [0m0.0007674[0m | [0m0.2039   [0m | [0m0.112    [0m | [0m2.723    [0m | [0m584.1    [0m |
| [0m83       [0m | [0m-0.004747[0m | [0m0.4122   [0m | [0m0.1172   [0m | [0m9.745    [0m | [0m582.4    [0m |
| [95m84       [0m | [95m0.001479 [0m | [95m0.3752   [0m | [95m0.1554   [0m | [95m1.264    [0m | [95m591.1    [0m |
| [0m85       [0m | [0m-0.01001 [0m | [0m0.567    [0m | [0m0.1547   [0m | [0m9.286    [0m | [0m588.0    [0m |
| [0m86       [0m | [0m-0.007022[0m | [0m0.693    [0m | [0m0.1341   [0m | [0m5.653    [0m | [0m595.9    [0m |
| [0m87       [0m | [0m0.0006325[0m | [0m0.4094   [0m | [0m0.111    [0m | [0m3.43     [0m | [0m603.4    [0m |
| [0m88       [0m | [0m-0.01158 [0m | [0m0.9652   [0m | [0m0.1557   [0m | [0m8.799    [0m | [0m603.7    [0m |
| [95m89       [0m | [95m0.001493 [0m | [95m0.3913   [0m | [95m0.1651   [0m | [95m1.466    [0m | [95m610.4    [0m |
| [0m90       [0m | [0m0.0001607[0m | [0m0.2227   [0m | [0m0.06124  [0m | [0m7.699    [0m | [0m609.9    [0m |
| [0m91       [0m | [0m-0.000685[0m | [0m0.1607   [0m | [0m0.176    [0m | [0m3.256    [0m | [0m617.0    [0m |
| [0m92       [0m | [0m0.001181 [0m | [0m0.5668   [0m | [0m0.01182  [0m | [0m2.751    [0m | [0m624.5    [0m |
| [0m93       [0m | [0m-0.003659[0m | [0m0.9966   [0m | [0m0.09581  [0m | [0m8.028    [0m | [0m620.5    [0m |
| [0m94       [0m | [0m-0.002374[0m | [0m0.1902   [0m | [0m0.09743  [0m | [0m8.13     [0m | [0m629.0    [0m |
| [0m95       [0m | [0m-0.000199[0m | [0m0.746    [0m | [0m0.0597   [0m | [0m6.247    [0m | [0m635.8    [0m |
| [95m96       [0m | [95m0.001495 [0m | [95m0.1587   [0m | [95m0.0647   [0m | [95m2.209    [0m | [95m632.9    [0m |
| [0m97       [0m | [0m0.0007029[0m | [0m0.323    [0m | [0m0.1848   [0m | [0m1.96     [0m | [0m640.0    [0m |
| [0m98       [0m | [0m0.0002508[0m | [0m0.4293   [0m | [0m0.05409  [0m | [0m5.411    [0m | [0m647.8    [0m |
| [0m99       [0m | [0m-0.00204 [0m | [0m0.3318   [0m | [0m0.08509  [0m | [0m9.18     [0m | [0m642.0    [0m |
| [0m100      [0m | [0m-0.002586[0m | [0m0.4133   [0m | [0m0.0876   [0m | [0m8.633    [0m | [0m654.5    [0m |
| [0m101      [0m | [0m0.001333 [0m | [0m0.4234   [0m | [0m0.08677  [0m | [0m1.071    [0m | [0m655.1    [0m |
| [0m102      [0m | [0m-0.001049[0m | [0m0.7539   [0m | [0m0.1558   [0m | [0m1.153    [0m | [0m1.268e+04[0m |
| [0m103      [0m | [0m0.0009183[0m | [0m0.7188   [0m | [0m0.1766   [0m | [0m2.01     [0m | [0m665.3    [0m |
| [0m104      [0m | [0m-0.0108  [0m | [0m0.245    [0m | [0m0.1685   [0m | [0m6.011    [0m | [0m660.1    [0m |
| [0m105      [0m | [0m-0.01832 [0m | [0m0.9195   [0m | [0m0.1864   [0m | [0m7.615    [0m | [0m669.0    [0m |
| [0m106      [0m | [0m-0.0167  [0m | [0m0.7563   [0m | [0m0.165    [0m | [0m2.3      [0m | [0m1.267e+04[0m |
| [0m107      [0m | [0m-0.09824 [0m | [0m0.2758   [0m | [0m0.1807   [0m | [0m9.166    [0m | [0m1.212e+04[0m |
| [0m108      [0m | [0m-0.108   [0m | [0m0.8657   [0m | [0m0.1882   [0m | [0m7.719    [0m | [0m1.214e+04[0m |
| [0m109      [0m | [0m-0.04253 [0m | [0m0.8028   [0m | [0m0.1158   [0m | [0m9.433    [0m | [0m5.6e+03  [0m |
| [0m110      [0m | [0m-0.1156  [0m | [0m0.6894   [0m | [0m0.1958   [0m | [0m8.594    [0m | [0m1.956e+04[0m |
| [0m111      [0m | [0m-0.09228 [0m | [0m0.9185   [0m | [0m0.1418   [0m | [0m4.384    [0m | [0m1.954e+04[0m |
| [0m112      [0m | [0m-0.0046  [0m | [0m0.4386   [0m | [0m0.01652  [0m | [0m4.655    [0m | [0m1.146e+04[0m |
| [0m113      [0m | [0m-0.03176 [0m | [0m0.4764   [0m | [0m0.07503  [0m | [0m9.927    [0m | [0m1.145e+04[0m |
| [0m114      [0m | [0m4.69e-05 [0m | [0m0.2544   [0m | [0m0.06189  [0m | [0m1.169    [0m | [0m1.766e+04[0m |
| [0m115      [0m | [0m-0.1024  [0m | [0m0.9637   [0m | [0m0.1366   [0m | [0m5.383    [0m | [0m1.765e+04[0m |
| [0m116      [0m | [0m-0.002128[0m | [0m0.1853   [0m | [0m0.181    [0m | [0m1.053    [0m | [0m1.766e+04[0m |
| [0m117      [0m | [0m0.0007947[0m | [0m0.2448   [0m | [0m0.02127  [0m | [0m1.318    [0m | [0m678.8    [0m |
| [0m118      [0m | [0m-0.01192 [0m | [0m0.6659   [0m | [0m0.1546   [0m | [0m6.662    [0m | [0m684.5    [0m |
| [95m119      [0m | [95m0.001528 [0m | [95m0.5677   [0m | [95m0.1679   [0m | [95m1.349    [0m | [95m693.7    [0m |
| [0m120      [0m | [0m0.001358 [0m | [0m0.7308   [0m | [0m0.01635  [0m | [0m9.299    [0m | [0m699.3    [0m |
| [0m121      [0m | [0m-0.01461 [0m | [0m0.4063   [0m | [0m0.176    [0m | [0m6.862    [0m | [0m707.4    [0m |
| [0m122      [0m | [0m-0.03834 [0m | [0m0.1178   [0m | [0m0.1321   [0m | [0m2.896    [0m | [0m1.768e+04[0m |
| [0m123      [0m | [0m0.001506 [0m | [0m0.7065   [0m | [0m0.1463   [0m | [0m1.07     [0m | [0m702.1    [0m |
| [0m124      [0m | [0m0.001045 [0m | [0m0.9075   [0m | [0m0.08735  [0m | [0m2.534    [0m | [0m565.5    [0m |
| [0m125      [0m | [0m0.001319 [0m | [0m0.2193   [0m | [0m0.1349   [0m | [0m1.939    [0m | [0m558.2    [0m |
| [0m126      [0m | [0m-0.001991[0m | [0m0.6129   [0m | [0m0.08893  [0m | [0m9.69     [0m | [0m557.2    [0m |
| [0m127      [0m | [0m0.001237 [0m | [0m0.2448   [0m | [0m0.1509   [0m | [0m1.703    [0m | [0m549.9    [0m |
| [0m128      [0m | [0m-0.005628[0m | [0m0.6859   [0m | [0m0.1236   [0m | [0m7.568    [0m | [0m544.6    [0m |
| [0m129      [0m | [0m-0.008036[0m | [0m0.2997   [0m | [0m0.1526   [0m | [0m8.972    [0m | [0m565.6    [0m |
| [0m130      [0m | [0m-0.000213[0m | [0m0.175    [0m | [0m0.1031   [0m | [0m3.894    [0m | [0m536.0    [0m |
| [0m131      [0m | [0m-0.00504 [0m | [0m0.1243   [0m | [0m0.137    [0m | [0m7.44     [0m | [0m528.7    [0m |
| [0m132      [0m | [0m-0.01135 [0m | [0m0.8613   [0m | [0m0.1442   [0m | [0m9.854    [0m | [0m693.7    [0m |
| [0m133      [0m | [0m0.001224 [0m | [0m0.8545   [0m | [0m0.078    [0m | [0m1.26     [0m | [0m520.5    [0m |
| [0m134      [0m | [0m-0.000928[0m | [0m0.1089   [0m | [0m0.08641  [0m | [0m7.339    [0m | [0m518.7    [0m |
| [0m135      [0m | [0m-0.01404 [0m | [0m0.475    [0m | [0m0.1963   [0m | [0m7.851    [0m | [0m509.7    [0m |
| [0m136      [0m | [0m-0.02136 [0m | [0m0.5436   [0m | [0m0.07683  [0m | [0m7.026    [0m | [0m5.55e+03 [0m |
| [0m137      [0m | [0m0.001018 [0m | [0m1.0      [0m | [0m0.01     [0m | [0m1.0      [0m | [0m2.46e+03 [0m |
| [0m138      [0m | [0m-0.03232 [0m | [0m0.5284   [0m | [0m0.1448   [0m | [0m8.91     [0m | [0m2.454e+03[0m |
| [0m139      [0m | [0m-0.004244[0m | [0m0.2464   [0m | [0m0.07079  [0m | [0m2.901    [0m | [0m5.125e+03[0m |
| [0m140      [0m | [0m-0.01076 [0m | [0m0.103    [0m | [0m0.0816   [0m | [0m4.417    [0m | [0m5.117e+03[0m |
| [0m141      [0m | [0m0.001452 [0m | [0m0.7145   [0m | [0m0.1581   [0m | [0m1.409    [0m | [0m528.7    [0m |
| [0m142      [0m | [0m-0.04585 [0m | [0m0.2526   [0m | [0m0.1848   [0m | [0m3.645    [0m | [0m5.102e+03[0m |
| [0m143      [0m | [0m-0.02382 [0m | [0m0.8235   [0m | [0m0.1096   [0m | [0m4.065    [0m | [0m5.147e+03[0m |
| [0m144      [0m | [0m-0.02538 [0m | [0m0.104    [0m | [0m0.1044   [0m | [0m9.913    [0m | [0m5.125e+03[0m |
| [0m145      [0m | [0m0.0004337[0m | [0m0.6176   [0m | [0m0.1519   [0m | [0m1.19     [0m | [0m5.135e+03[0m |
| [0m146      [0m | [0m0.0009635[0m | [0m0.7002   [0m | [0m0.1832   [0m | [0m1.754    [0m | [0m514.2    [0m |
| [0m147      [0m | [0m0.0006772[0m | [0m0.6471   [0m | [0m0.0213   [0m | [0m1.157    [0m | [0m503.6    [0m |
| [0m148      [0m | [0m-0.006269[0m | [0m0.7311   [0m | [0m0.1328   [0m | [0m9.725    [0m | [0m500.8    [0m |
| [0m149      [0m | [0m-0.002154[0m | [0m0.8403   [0m | [0m0.1763   [0m | [0m1.108    [0m | [0m1.827e+04[0m |
| [0m150      [0m | [0m-0.02199 [0m | [0m0.5778   [0m | [0m0.04348  [0m | [0m6.973    [0m | [0m1.827e+04[0m |
| [0m151      [0m | [0m-0.08404 [0m | [0m0.9426   [0m | [0m0.1408   [0m | [0m6.155    [0m | [0m1.266e+04[0m |
| [0m152      [0m | [0m-0.02945 [0m | [0m0.6738   [0m | [0m0.0388   [0m | [0m4.857    [0m | [0m1.824e+04[0m |
| [0m153      [0m | [0m-0.000171[0m | [0m0.9699   [0m | [0m0.0411   [0m | [0m6.704    [0m | [0m1.053e+03[0m |
| [0m154      [0m | [0m0.00101  [0m | [0m0.1663   [0m | [0m0.06923  [0m | [0m2.968    [0m | [0m1.059e+03[0m |
| [0m155      [0m | [0m-0.01145 [0m | [0m0.8826   [0m | [0m0.1216   [0m | [0m8.121    [0m | [0m1.065e+03[0m |
| [0m156      [0m | [0m0.001386 [0m | [0m0.7393   [0m | [0m0.02118  [0m | [0m1.643    [0m | [0m1.045e+03[0m |
| [95m157      [0m | [95m0.001584 [0m | [95m0.1455   [0m | [95m0.02889  [0m | [95m3.007    [0m | [95m1.077e+03[0m |
| [0m158      [0m | [0m0.0008617[0m | [0m0.9818   [0m | [0m0.02338  [0m | [0m7.343    [0m | [0m1.083e+03[0m |
| [0m159      [0m | [0m6.527e-05[0m | [0m0.3896   [0m | [0m0.1751   [0m | [0m1.505    [0m | [0m1.086e+03[0m |
| [0m160      [0m | [0m-0.02583 [0m | [0m0.4508   [0m | [0m0.1868   [0m | [0m6.516    [0m | [0m1.094e+03[0m |
| [0m161      [0m | [0m0.00119  [0m | [0m0.4223   [0m | [0m0.05204  [0m | [0m1.49     [0m | [0m726.7    [0m |
| [0m162      [0m | [0m0.001014 [0m | [0m0.594    [0m | [0m0.03332  [0m | [0m1.319    [0m | [0m719.1    [0m |
| [0m163      [0m | [0m-0.001304[0m | [0m0.3189   [0m | [0m0.07485  [0m | [0m8.111    [0m | [0m721.0    [0m |
| [0m164      [0m | [0m0.001215 [0m | [0m0.9385   [0m | [0m0.01966  [0m | [0m9.337    [0m | [0m732.3    [0m |
| [0m165      [0m | [0m0.001523 [0m | [0m0.2511   [0m | [0m0.05125  [0m | [0m2.173    [0m | [0m738.3    [0m |
| [0m166      [0m | [0m-0.000106[0m | [0m0.2537   [0m | [0m0.06084  [0m | [0m9.856    [0m | [0m743.9    [0m |
| [0m167      [0m | [0m0.001436 [0m | [0m0.4272   [0m | [0m0.09671  [0m | [0m2.315    [0m | [0m748.3    [0m |
| [0m168      [0m | [0m-0.006216[0m | [0m0.7554   [0m | [0m0.1079   [0m | [0m7.842    [0m | [0m756.9    [0m |
| [0m169      [0m | [0m0.001215 [0m | [0m0.2307   [0m | [0m0.01874  [0m | [0m2.182    [0m | [0m764.5    [0m |
| [0m170      [0m | [0m-0.01217 [0m | [0m0.1256   [0m | [0m0.1678   [0m | [0m6.81     [0m | [0m770.5    [0m |
| [0m171      [0m | [0m0.001511 [0m | [0m0.5863   [0m | [0m0.06513  [0m | [0m1.543    [0m | [0m1.053e+03[0m |
| [0m172      [0m | [0m-0.009208[0m | [0m0.3646   [0m | [0m0.1198   [0m | [0m9.829    [0m | [0m1.045e+03[0m |
| [0m173      [0m | [0m-0.004825[0m | [0m0.4468   [0m | [0m0.08489  [0m | [0m9.295    [0m | [0m1.075e+03[0m |
| [0m174      [0m | [0m-0.007322[0m | [0m0.5425   [0m | [0m0.1241   [0m | [0m5.057    [0m | [0m785.1    [0m |
| [0m175      [0m | [0m0.001192 [0m | [0m0.6913   [0m | [0m0.03551  [0m | [0m1.356    [0m | [0m1.07e+03 [0m |
| [0m176      [0m | [0m-0.009647[0m | [0m0.9419   [0m | [0m0.1272   [0m | [0m7.197    [0m | [0m796.3    [0m |
| [0m177      [0m | [0m-0.002232[0m | [0m0.9657   [0m | [0m0.1773   [0m | [0m3.356    [0m | [0m806.5    [0m |
| [0m178      [0m | [0m-0.004938[0m | [0m0.2311   [0m | [0m0.1035   [0m | [0m5.034    [0m | [0m814.7    [0m |
| [0m179      [0m | [0m-0.0141  [0m | [0m0.644    [0m | [0m0.1529   [0m | [0m6.68     [0m | [0m826.4    [0m |
| [0m180      [0m | [0m0.0003726[0m | [0m0.8364   [0m | [0m0.05711  [0m | [0m3.517    [0m | [0m839.8    [0m |
| [0m181      [0m | [0m-0.008068[0m | [0m0.5657   [0m | [0m0.1755   [0m | [0m4.4      [0m | [0m848.2    [0m |
| [0m182      [0m | [0m-0.02384 [0m | [0m0.6903   [0m | [0m0.1924   [0m | [0m9.887    [0m | [0m859.9    [0m |
| [0m183      [0m | [0m-0.000317[0m | [0m0.6018   [0m | [0m0.05073  [0m | [0m9.761    [0m | [0m844.2    [0m |
| [0m184      [0m | [0m0.001417 [0m | [0m0.6066   [0m | [0m0.1004   [0m | [0m1.3      [0m | [0m756.3    [0m |
| [0m185      [0m | [0m-0.01455 [0m | [0m0.1781   [0m | [0m0.05885  [0m | [0m8.953    [0m | [0m7.858e+03[0m |
| [0m186      [0m | [0m-0.05876 [0m | [0m0.4116   [0m | [0m0.1301   [0m | [0m6.083    [0m | [0m7.873e+03[0m |
| [0m187      [0m | [0m-0.0186  [0m | [0m0.4039   [0m | [0m0.1791   [0m | [0m9.77     [0m | [0m836.3    [0m |
| [0m188      [0m | [0m-0.05106 [0m | [0m0.1735   [0m | [0m0.1263   [0m | [0m8.984    [0m | [0m7.843e+03[0m |
| [0m189      [0m | [0m-0.02334 [0m | [0m0.293    [0m | [0m0.04895  [0m | [0m5.516    [0m | [0m1.717e+04[0m |
| [0m190      [0m | [0m0.001109 [0m | [0m0.1      [0m | [0m0.01     [0m | [0m10.0     [0m | [0m807.8    [0m |
| [0m191      [0m | [0m-0.03033 [0m | [0m0.8344   [0m | [0m0.09266  [0m | [0m5.605    [0m | [0m5.347e+03[0m |
| [0m192      [0m | [0m-0.0193  [0m | [0m0.266    [0m | [0m0.141    [0m | [0m2.035    [0m | [0m1.895e+04[0m |
| [0m193      [0m | [0m-0.007827[0m | [0m0.3959   [0m | [0m0.09755  [0m | [0m3.994    [0m | [0m2.349e+03[0m |
| [0m194      [0m | [0m-0.001727[0m | [0m0.9362   [0m | [0m0.03538  [0m | [0m8.203    [0m | [0m2.34e+03 [0m |
| [0m195      [0m | [0m0.001287 [0m | [0m0.4605   [0m | [0m0.0274   [0m | [0m2.795    [0m | [0m2.332e+03[0m |
| [0m196      [0m | [0m-0.03015 [0m | [0m0.7002   [0m | [0m0.1389   [0m | [0m5.322    [0m | [0m2.323e+03[0m |
| [0m197      [0m | [0m-0.00105 [0m | [0m0.4479   [0m | [0m0.03697  [0m | [0m9.145    [0m | [0m2.359e+03[0m |
| [0m198      [0m | [0m-0.002863[0m | [0m0.7187   [0m | [0m0.1813   [0m | [0m1.902    [0m | [0m2.34e+03 [0m |
| [0m199      [0m | [0m-0.03614 [0m | [0m0.1032   [0m | [0m0.1756   [0m | [0m5.651    [0m | [0m2.366e+03[0m |
| [0m200      [0m | [0m-0.0408  [0m | [0m0.2802   [0m | [0m0.0825   [0m | [0m8.777    [0m | [0m1.597e+04[0m |
| [0m201      [0m | [0m-0.008582[0m | [0m0.1997   [0m | [0m0.1034   [0m | [0m9.636    [0m | [0m1.404e+03[0m |
| [0m202      [0m | [0m-0.006474[0m | [0m0.7048   [0m | [0m0.1851   [0m | [0m3.115    [0m | [0m1.414e+03[0m |
| [0m203      [0m | [0m0.001433 [0m | [0m0.3981   [0m | [0m0.01527  [0m | [0m9.894    [0m | [0m1.421e+03[0m |
| [0m204      [0m | [0m-0.01089 [0m | [0m0.7839   [0m | [0m0.1026   [0m | [0m6.256    [0m | [0m1.43e+03 [0m |
| [0m205      [0m | [0m-0.006349[0m | [0m0.6901   [0m | [0m0.1137   [0m | [0m3.672    [0m | [0m1.422e+03[0m |
| [0m206      [0m | [0m0.001383 [0m | [0m0.1      [0m | [0m0.01     [0m | [0m10.0     [0m | [0m1.414e+03[0m |
| [0m207      [0m | [0m0.001476 [0m | [0m0.6926   [0m | [0m0.01049  [0m | [0m2.981    [0m | [0m1.395e+03[0m |
| [0m208      [0m | [0m-0.001085[0m | [0m0.9324   [0m | [0m0.04089  [0m | [0m6.39     [0m | [0m1.385e+03[0m |
| [0m209      [0m | [0m-0.01064 [0m | [0m0.3148   [0m | [0m0.1096   [0m | [0m8.872    [0m | [0m1.375e+03[0m |
| [0m210      [0m | [0m-0.02738 [0m | [0m0.7523   [0m | [0m0.1645   [0m | [0m9.248    [0m | [0m1.396e+03[0m |
=========================================================================
It takes 3230.4786173303924 minutes
{'colsample_bytree': 0.1, 'learning_rate': 0.03, 'max_depth': 3, 'n_estimators': 1077.2}
